== Cleaning .next and node_modules ==
== Installing deps with pnpm (prefer offline, retries) ==
Lockfile is up to date, resolution step is skipped
Progress: resolved 1, reused 0, downloaded 0, added 0
Packages: +1123
++++++++++++++++++++++++++++++++++++++++++++++++++++++++++++++++++++++++++++++++
Progress: resolved 1123, reused 333, downloaded 0, added 0
Progress: resolved 1123, reused 1123, downloaded 0, added 40
Progress: resolved 1123, reused 1123, downloaded 0, added 303
Progress: resolved 1123, reused 1123, downloaded 0, added 744
Progress: resolved 1123, reused 1123, downloaded 0, added 1006
Progress: resolved 1123, reused 1123, downloaded 0, added 1122
Progress: resolved 1123, reused 1123, downloaded 0, added 1123
Progress: resolved 1123, reused 1123, downloaded 0, added 1123, done

dependencies:
+ @boxyhq/metrics 0.2.11
+ @boxyhq/react-ui 3.5.1
+ @boxyhq/saml-jackson 1.52.2
+ @heroicons/react 2.2.0
+ @next-auth/prisma-adapter 1.0.7
+ @prisma/client 5.22.0
+ @react-email/components 1.0.1
+ @react-email/render 2.0.0
+ @retracedhq/logs-viewer 2.10.1
+ @retracedhq/retraced 0.7.23
+ @tailwindcss/typography 0.5.19
+ @vercel/postgres 0.10.0
+ bcryptjs 3.0.3
+ classnames 2.5.1
+ cookies-next 6.1.1
+ currency-symbol-map 5.1.0
+ daisyui 5.5.11
+ formik 2.4.9
+ jose 6.1.3
+ micromatch 4.0.8
+ mixpanel-browser 2.72.0
+ next 16.0.8
+ next-auth 4.24.13
+ next-i18next 15.4.3
+ nodemailer 7.0.11
+ openid-client 6.8.1
+ prisma 5.22.0
+ react 19.2.1
+ react-daisyui 5.0.5
+ react-dom 19.2.1
+ react-google-recaptcha 3.1.0
+ react-hot-toast 2.6.0
+ react-i18next 16.4.1
+ slack-notify 2.0.7
+ stripe 20.0.0
+ svix 1.82.0
+ swr 2.3.7
+ yup 1.7.1
+ zod 4.1.13

devDependencies:
+ @types/node 20.19.26
+ @types/nodemailer 7.0.4
+ @types/react 19.2.7
+ @types/react-dom 19.2.3
+ @types/react-google-recaptcha 2.1.9
+ @typescript-eslint/eslint-plugin 8.49.0
+ @typescript-eslint/parser 8.49.0
+ autoprefixer 10.4.22
+ eslint 9.39.1
+ eslint-config-next 16.0.8
+ eslint-config-prettier 9.1.2
+ eslint-plugin-prettier 5.5.4
+ husky 9.1.7
+ lint-staged 15.5.2
+ postcss 8.5.6
+ prettier 3.7.4
+ tailwindcss 3.4.19
+ typescript 5.9.3

╭ Warning ─────────────────────────────────────────────────────────────────────╮
│                                                                              │
│   Ignored build scripts: @prisma/client, @prisma/engines, bufferutil,        │
│   core-js, prisma, protobufjs, sharp, sqlite3, unrs-resolver.                │
│   Run "pnpm approve-builds" to pick which dependencies should be allowed     │
│   to run scripts.                                                            │
│                                                                              │
╰──────────────────────────────────────────────────────────────────────────────╯


> hostelpulse-clean@0.1.0 prepare /home/user/webdev/hostelpulse-clean
> husky install

husky - install command is DEPRECATED
Done in 8.2s using pnpm v10.23.0
