== Forcing Webpack build with debug and no worker threads ==

> hostelpulse-clean@0.1.0 build /home/user/webdev/hostelpulse-clean
> prisma generate && next build --webpack --debug

Prisma schema loaded from prisma/schema.prisma

✔ Generated Prisma Client (v5.22.0) to ./node_modules/.pnpm/@prisma+client@5.22.0_prisma@5.22.0/node_modules/@prisma/client in 267ms

Start by importing your Prisma Client (See: https://pris.ly/d/importing-client)

Tip: Want to turn off tips and other hints? https://pris.ly/tip-4-nohints

   ▲ Next.js 16.0.8 (webpack)
   - Environments: .env.local

   Creating an optimized production build ...
/*! 🌼 daisyUI 5.5.11 */
/*! 🌼 daisyUI 5.5.11 */
 ✓ Compiled successfully in 31.7s
   Running TypeScript ...
   Collecting page data using 3 workers ...
unhandledRejection TypeError: Cannot read properties of undefined (reading 'ReactCurrentOwner')
    at ignore-listed frames {
  type: 'TypeError'
}
 ELIFECYCLE  Command failed with exit code 1.
