Local store selected: .pnpm-store
== Version check (use latest stable Node/pnpm for reliability) ==
v24.11.1
10.23.0
Hint: upgrade via corepack (Node 18+): corepack prepare pnpm@latest --activate
If Node is old, consider using mise/nodenv/nvm to pin a current LTS.
== Cleaning .next and node_modules ==
== Connectivity check to registry.npmjs.org ==
Registry reachable.
== Installing deps with pnpm (prefer offline, retries) ==
Lockfile is up to date, resolution step is skipped
Progress: resolved 1, reused 0, downloaded 0, added 0
Packages: +1123
++++++++++++++++++++++++++++++++++++++++++++++++++++++++++++++++++++++++++++++++
Progress: resolved 1123, reused 0, downloaded 30, added 0
Progress: resolved 1123, reused 0, downloaded 49, added 49
Progress: resolved 1123, reused 0, downloaded 78, added 78
Progress: resolved 1123, reused 0, downloaded 139, added 139
Progress: resolved 1123, reused 0, downloaded 172, added 172
Progress: resolved 1123, reused 0, downloaded 230, added 230
Progress: resolved 1123, reused 0, downloaded 262, added 262
Progress: resolved 1123, reused 0, downloaded 296, added 296
Progress: resolved 1123, reused 0, downloaded 335, added 331
Progress: resolved 1123, reused 0, downloaded 436, added 432
Progress: resolved 1123, reused 0, downloaded 481, added 481
Progress: resolved 1123, reused 0, downloaded 496, added 496
Progress: resolved 1123, reused 0, downloaded 524, added 524
Progress: resolved 1123, reused 0, downloaded 543, added 543
Progress: resolved 1123, reused 0, downloaded 552, added 552
Progress: resolved 1123, reused 0, downloaded 562, added 562
Progress: resolved 1123, reused 0, downloaded 569, added 569
Progress: resolved 1123, reused 0, downloaded 572, added 572
Progress: resolved 1123, reused 0, downloaded 580, added 580
Progress: resolved 1123, reused 0, downloaded 582, added 582
Progress: resolved 1123, reused 0, downloaded 592, added 592
Progress: resolved 1123, reused 0, downloaded 603, added 603
Progress: resolved 1123, reused 0, downloaded 628, added 628
Progress: resolved 1123, reused 0, downloaded 684, added 684
Progress: resolved 1123, reused 0, downloaded 712, added 712
Progress: resolved 1123, reused 0, downloaded 744, added 744
Progress: resolved 1123, reused 0, downloaded 769, added 769
Progress: resolved 1123, reused 0, downloaded 773, added 772
Progress: resolved 1123, reused 0, downloaded 778, added 778
Progress: resolved 1123, reused 0, downloaded 784, added 784
Progress: resolved 1123, reused 0, downloaded 797, added 795
Progress: resolved 1123, reused 0, downloaded 810, added 810
Progress: resolved 1123, reused 0, downloaded 845, added 845
Progress: resolved 1123, reused 0, downloaded 900, added 899
Progress: resolved 1123, reused 0, downloaded 983, added 983
Progress: resolved 1123, reused 0, downloaded 1021, added 1021
Progress: resolved 1123, reused 0, downloaded 1066, added 1065
Progress: resolved 1123, reused 0, downloaded 1092, added 1092
Progress: resolved 1123, reused 0, downloaded 1106, added 1106
Progress: resolved 1123, reused 0, downloaded 1117, added 1117
Progress: resolved 1123, reused 0, downloaded 1118, added 1118
Progress: resolved 1123, reused 0, downloaded 1120, added 1120
Progress: resolved 1123, reused 0, downloaded 1121, added 1120
Progress: resolved 1123, reused 0, downloaded 1121, added 1121
Progress: resolved 1123, reused 0, downloaded 1122, added 1121
Progress: resolved 1123, reused 0, downloaded 1123, added 1123, done

dependencies:
+ @boxyhq/metrics 0.2.11
+ @boxyhq/react-ui 3.5.1
+ @boxyhq/saml-jackson 1.52.2
+ @heroicons/react 2.2.0
+ @next-auth/prisma-adapter 1.0.7
+ @prisma/client 5.22.0
+ @react-email/components 1.0.1
+ @react-email/render 2.0.0
+ @retracedhq/logs-viewer 2.10.1
+ @retracedhq/retraced 0.7.23
+ @tailwindcss/typography 0.5.19
+ @vercel/postgres 0.10.0
+ bcryptjs 3.0.3
+ classnames 2.5.1
+ cookies-next 6.1.1
+ currency-symbol-map 5.1.0
+ daisyui 5.5.11
+ formik 2.4.9
+ jose 6.1.3
+ micromatch 4.0.8
+ mixpanel-browser 2.72.0
+ next 16.0.8
+ next-auth 4.24.13
+ next-i18next 15.4.3
+ nodemailer 7.0.11
+ openid-client 6.8.1
+ prisma 5.22.0
+ react 19.2.1
+ react-daisyui 5.0.5
+ react-dom 19.2.1
+ react-google-recaptcha 3.1.0
+ react-hot-toast 2.6.0
+ react-i18next 16.4.1
+ slack-notify 2.0.7
+ stripe 20.0.0
+ svix 1.82.0
+ swr 2.3.7
+ yup 1.7.1
+ zod 4.1.13

devDependencies:
+ @types/node 20.19.26
+ @types/nodemailer 7.0.4
+ @types/react 19.2.7
+ @types/react-dom 19.2.3
+ @types/react-google-recaptcha 2.1.9
+ @typescript-eslint/eslint-plugin 8.49.0
+ @typescript-eslint/parser 8.49.0
+ autoprefixer 10.4.22
+ eslint 9.39.1
+ eslint-config-next 16.0.8
+ eslint-config-prettier 9.1.2
+ eslint-plugin-prettier 5.5.4
+ husky 9.1.7
+ lint-staged 15.5.2
+ postcss 8.5.6
+ prettier 3.7.4
+ tailwindcss 3.4.19
+ typescript 5.9.3

╭ Warning ─────────────────────────────────────────────────────────────────────╮
│                                                                              │
│   Ignored build scripts: @prisma/client, @prisma/engines, bufferutil,        │
│   core-js, prisma, protobufjs, sharp, sqlite3, unrs-resolver.                │
│   Run "pnpm approve-builds" to pick which dependencies should be allowed     │
│   to run scripts.                                                            │
│                                                                              │
╰──────────────────────────────────────────────────────────────────────────────╯


> hostelpulse-clean@0.1.0 prepare /home/user/webdev/hostelpulse-clean
> husky install

husky - install command is DEPRECATED
Done in 1m 12.9s using pnpm v10.23.0
